TN:
SF:index.ts
FN:27,(anonymous_1)
FN:40,(anonymous_2)
FN:46,(anonymous_3)
FN:73,(anonymous_4)
FNF:4
FNH:3
FNDA:25,(anonymous_1)
FNDA:0,(anonymous_2)
FNDA:1,(anonymous_3)
FNDA:2,(anonymous_4)
DA:1,2
DA:2,2
DA:3,2
DA:6,2
DA:7,2
DA:8,2
DA:9,2
DA:10,2
DA:11,2
DA:14,2
DA:18,2
DA:21,2
DA:22,2
DA:25,2
DA:26,2
DA:27,2
DA:28,25
DA:29,25
DA:34,2
DA:35,2
DA:38,2
DA:40,0
DA:43,2
DA:46,2
DA:47,1
DA:57,2
DA:58,2
DA:59,2
DA:60,2
DA:63,2
DA:66,2
DA:67,2
DA:68,2
DA:69,2
DA:70,2
DA:73,2
DA:74,2
DA:77,2
DA:78,2
LF:39
LH:38
BRDA:22,0,0,2
BRDA:22,0,1,0
BRDA:39,1,0,2
BRDA:39,1,1,0
BRF:4
BRH:2
end_of_record
TN:
SF:controller/auth.ts
FN:7,(anonymous_8)
FN:7,(anonymous_9)
FN:26,(anonymous_10)
FN:26,(anonymous_11)
FN:41,(anonymous_12)
FNF:5
FNH:0
FNDA:0,(anonymous_8)
FNDA:0,(anonymous_9)
FNDA:0,(anonymous_10)
FNDA:0,(anonymous_11)
FNDA:0,(anonymous_12)
DA:1,2
DA:3,2
DA:5,2
DA:7,2
DA:8,0
DA:10,0
DA:12,0
DA:13,0
DA:16,0
DA:17,0
DA:20,0
DA:21,0
DA:22,0
DA:23,0
DA:26,2
DA:27,0
DA:29,0
DA:30,0
DA:33,0
DA:34,0
DA:35,0
DA:37,0
DA:41,2
DA:42,0
DA:43,0
DA:45,0
DA:46,0
DA:47,0
DA:48,0
DA:49,0
DA:51,0
LF:31
LH:6
BRDA:5,0,0,2
BRDA:5,0,1,2
BRDA:12,1,0,0
BRDA:16,2,0,0
BRDA:27,3,0,0
BRDA:27,3,1,0
BRDA:29,4,0,0
BRDA:42,5,0,0
BRDA:42,5,1,0
BRDA:45,6,0,0
BRDA:45,6,1,0
BRF:11
BRH:2
end_of_record
TN:
SF:controller/budget.ts
FN:5,(anonymous_1)
FN:7,(anonymous_2)
FN:21,(anonymous_3)
FN:24,(anonymous_4)
FN:32,(anonymous_5)
FN:38,(anonymous_6)
FN:40,(anonymous_7)
FN:43,(anonymous_8)
FN:50,(anonymous_9)
FN:52,(anonymous_10)
FN:55,(anonymous_11)
FN:62,(anonymous_12)
FN:64,(anonymous_13)
FN:71,(anonymous_14)
FN:78,(anonymous_15)
FN:80,(anonymous_16)
FN:87,(anonymous_17)
FN:94,(anonymous_18)
FN:96,(anonymous_19)
FN:103,(anonymous_20)
FNF:20
FNH:0
FNDA:0,(anonymous_1)
FNDA:0,(anonymous_2)
FNDA:0,(anonymous_3)
FNDA:0,(anonymous_4)
FNDA:0,(anonymous_5)
FNDA:0,(anonymous_6)
FNDA:0,(anonymous_7)
FNDA:0,(anonymous_8)
FNDA:0,(anonymous_9)
FNDA:0,(anonymous_10)
FNDA:0,(anonymous_11)
FNDA:0,(anonymous_12)
FNDA:0,(anonymous_13)
FNDA:0,(anonymous_14)
FNDA:0,(anonymous_15)
FNDA:0,(anonymous_16)
FNDA:0,(anonymous_17)
FNDA:0,(anonymous_18)
FNDA:0,(anonymous_19)
FNDA:0,(anonymous_20)
DA:2,2
DA:5,2
DA:6,0
DA:8,0
DA:9,0
DA:20,0
DA:22,0
DA:25,0
DA:29,0
DA:33,0
DA:38,2
DA:39,0
DA:41,0
DA:44,0
DA:45,0
DA:50,2
DA:51,0
DA:53,0
DA:56,0
DA:57,0
DA:62,2
DA:63,0
DA:65,0
DA:66,0
DA:68,0
DA:72,0
DA:73,0
DA:78,2
DA:79,0
DA:81,0
DA:82,0
DA:84,0
DA:88,0
DA:89,0
DA:94,2
DA:95,0
DA:97,0
DA:98,0
DA:100,0
DA:104,0
DA:105,0
LF:41
LH:7
BRDA:8,0,0,0
BRDA:8,0,1,0
BRDA:65,1,0,0
BRDA:65,1,1,0
BRDA:81,2,0,0
BRDA:81,2,1,0
BRDA:97,3,0,0
BRDA:97,3,1,0
BRF:8
BRH:0
end_of_record
TN:
SF:controller/category.ts
FN:5,(anonymous_1)
FN:7,(anonymous_2)
FN:18,(anonymous_3)
FN:21,(anonymous_4)
FN:33,(anonymous_5)
FN:40,(anonymous_6)
FN:42,(anonymous_7)
FN:45,(anonymous_8)
FN:52,(anonymous_9)
FN:54,(anonymous_10)
FN:57,(anonymous_11)
FN:64,(anonymous_12)
FN:66,(anonymous_13)
FN:73,(anonymous_14)
FN:81,(anonymous_15)
FN:82,(anonymous_16)
FN:87,(anonymous_17)
FN:94,(anonymous_18)
FN:104,(anonymous_19)
FN:106,(anonymous_20)
FN:113,(anonymous_21)
FNF:21
FNH:0
FNDA:0,(anonymous_1)
FNDA:0,(anonymous_2)
FNDA:0,(anonymous_3)
FNDA:0,(anonymous_4)
FNDA:0,(anonymous_5)
FNDA:0,(anonymous_6)
FNDA:0,(anonymous_7)
FNDA:0,(anonymous_8)
FNDA:0,(anonymous_9)
FNDA:0,(anonymous_10)
FNDA:0,(anonymous_11)
FNDA:0,(anonymous_12)
FNDA:0,(anonymous_13)
FNDA:0,(anonymous_14)
FNDA:0,(anonymous_15)
FNDA:0,(anonymous_16)
FNDA:0,(anonymous_17)
FNDA:0,(anonymous_18)
FNDA:0,(anonymous_19)
FNDA:0,(anonymous_20)
FNDA:0,(anonymous_21)
DA:2,2
DA:5,2
DA:6,0
DA:8,0
DA:9,0
DA:17,0
DA:19,0
DA:22,0
DA:23,0
DA:25,0
DA:30,0
DA:34,0
DA:35,0
DA:40,2
DA:41,0
DA:43,0
DA:46,0
DA:47,0
DA:52,2
DA:53,0
DA:55,0
DA:58,0
DA:59,0
DA:64,2
DA:65,0
DA:67,0
DA:68,0
DA:70,0
DA:74,0
DA:75,0
DA:81,2
DA:82,0
DA:83,0
DA:84,0
DA:86,0
DA:88,0
DA:89,0
DA:91,0
DA:95,0
DA:96,0
DA:104,2
DA:105,0
DA:107,0
DA:108,0
DA:110,0
DA:114,0
DA:115,0
LF:47
LH:7
BRDA:8,0,0,0
BRDA:8,0,1,0
BRDA:22,1,0,0
BRDA:22,1,1,0
BRDA:67,2,0,0
BRDA:67,2,1,0
BRDA:83,3,0,0
BRDA:83,3,1,0
BRDA:88,4,0,0
BRDA:88,4,1,0
BRDA:107,5,0,0
BRDA:107,5,1,0
BRF:12
BRH:0
end_of_record
TN:
SF:controller/checker.ts
FN:6,(anonymous_0)
FNF:1
FNH:1
FNDA:23,(anonymous_0)
DA:3,2
DA:6,2
DA:7,23
DA:9,23
DA:10,6
DA:16,17
DA:17,17
DA:18,0
DA:23,17
LF:9
LH:8
BRDA:7,0,0,23
BRDA:7,0,1,6
BRDA:9,1,0,6
BRDA:16,2,0,17
BRDA:16,2,1,17
BRDA:17,3,0,0
BRDA:17,3,1,17
BRF:7
BRH:6
end_of_record
TN:
SF:controller/transaction.ts
FN:7,(anonymous_8)
FN:7,(anonymous_9)
FN:50,(anonymous_10)
FN:50,(anonymous_11)
FN:61,(anonymous_12)
FN:61,(anonymous_13)
FN:76,(anonymous_14)
FN:76,(anonymous_15)
FN:78,(anonymous_16)
FN:81,(anonymous_17)
FN:100,(anonymous_18)
FN:100,(anonymous_19)
FN:115,(anonymous_20)
FN:115,(anonymous_21)
FN:117,(anonymous_22)
FN:124,(anonymous_23)
FNF:16
FNH:0
FNDA:0,(anonymous_8)
FNDA:0,(anonymous_9)
FNDA:0,(anonymous_10)
FNDA:0,(anonymous_11)
FNDA:0,(anonymous_12)
FNDA:0,(anonymous_13)
FNDA:0,(anonymous_14)
FNDA:0,(anonymous_15)
FNDA:0,(anonymous_16)
FNDA:0,(anonymous_17)
FNDA:0,(anonymous_18)
FNDA:0,(anonymous_19)
FNDA:0,(anonymous_20)
FNDA:0,(anonymous_21)
FNDA:0,(anonymous_22)
FNDA:0,(anonymous_23)
DA:2,2
DA:3,2
DA:4,2
DA:7,2
DA:8,0
DA:9,0
DA:20,0
DA:21,0
DA:22,0
DA:25,0
DA:26,0
DA:27,0
DA:29,0
DA:31,0
DA:34,0
DA:35,0
DA:36,0
DA:37,0
DA:38,0
DA:42,0
DA:44,0
DA:45,0
DA:50,2
DA:51,0
DA:52,0
DA:53,0
DA:55,0
DA:56,0
DA:61,2
DA:62,0
DA:63,0
DA:64,0
DA:65,0
DA:67,0
DA:70,0
DA:71,0
DA:76,2
DA:77,0
DA:79,0
DA:82,0
DA:83,0
DA:100,2
DA:101,0
DA:102,0
DA:103,0
DA:104,0
DA:106,0
DA:109,0
DA:110,0
DA:115,2
DA:116,0
DA:118,0
DA:119,0
DA:121,0
DA:125,0
DA:126,0
LF:56
LH:9
BRDA:21,0,0,0
BRDA:26,1,0,0
BRDA:26,1,1,0
BRDA:35,2,0,0
BRDA:35,3,0,0
BRDA:35,3,1,0
BRDA:64,4,0,0
BRDA:64,4,1,0
BRDA:103,5,0,0
BRDA:103,5,1,0
BRDA:118,6,0,0
BRDA:118,6,1,0
BRF:12
BRH:0
end_of_record
TN:
SF:controller/user.ts
FN:6,(anonymous_8)
FN:8,(anonymous_9)
FN:24,(anonymous_10)
FN:27,(anonymous_11)
FN:36,(anonymous_12)
FN:43,(anonymous_13)
FN:45,(anonymous_14)
FN:48,(anonymous_15)
FN:54,(anonymous_16)
FN:56,(anonymous_17)
FN:63,(anonymous_18)
FN:69,(anonymous_19)
FN:69,(anonymous_20)
FN:81,(anonymous_21)
FN:83,(anonymous_22)
FN:90,(anonymous_23)
FN:95,(anonymous_24)
FN:97,(anonymous_25)
FN:104,(anonymous_26)
FNF:19
FNH:5
FNDA:1,(anonymous_8)
FNDA:1,(anonymous_9)
FNDA:1,(anonymous_10)
FNDA:0,(anonymous_11)
FNDA:0,(anonymous_12)
FNDA:0,(anonymous_13)
FNDA:0,(anonymous_14)
FNDA:0,(anonymous_15)
FNDA:0,(anonymous_16)
FNDA:0,(anonymous_17)
FNDA:0,(anonymous_18)
FNDA:1,(anonymous_19)
FNDA:1,(anonymous_20)
FNDA:0,(anonymous_21)
FNDA:0,(anonymous_22)
FNDA:0,(anonymous_23)
FNDA:0,(anonymous_24)
FNDA:0,(anonymous_25)
FNDA:0,(anonymous_26)
DA:2,2
DA:3,2
DA:6,2
DA:7,1
DA:9,1
DA:11,1
DA:12,0
DA:14,1
DA:23,1
DA:25,1
DA:28,0
DA:29,0
DA:33,0
DA:37,0
DA:38,0
DA:43,2
DA:44,0
DA:46,0
DA:49,0
DA:54,2
DA:55,0
DA:57,0
DA:58,0
DA:60,0
DA:64,0
DA:69,2
DA:70,1
DA:72,1
DA:73,0
DA:75,1
DA:76,1
DA:81,2
DA:82,0
DA:84,0
DA:85,0
DA:87,0
DA:91,0
DA:95,2
DA:96,0
DA:98,0
DA:99,0
DA:101,0
DA:105,0
LF:43
LH:18
BRDA:9,0,0,1
BRDA:9,0,1,0
BRDA:11,1,0,0
BRDA:57,2,0,0
BRDA:57,2,1,0
BRDA:72,3,0,0
BRDA:72,3,1,1
BRDA:84,4,0,0
BRDA:84,4,1,0
BRDA:98,5,0,0
BRDA:98,5,1,0
BRF:11
BRH:2
end_of_record
TN:
SF:controller/wallet.ts
FN:6,(anonymous_1)
FN:8,(anonymous_2)
FN:21,(anonymous_3)
FN:24,(anonymous_4)
FN:38,(anonymous_5)
FN:40,(anonymous_6)
FN:43,(anonymous_7)
FN:50,(anonymous_8)
FN:52,(anonymous_9)
FN:55,(anonymous_10)
FN:62,(anonymous_11)
FN:64,(anonymous_12)
FN:71,(anonymous_13)
FN:78,(anonymous_14)
FN:80,(anonymous_15)
FN:87,(anonymous_16)
FN:93,(anonymous_17)
FN:95,(anonymous_18)
FN:98,(anonymous_19)
FN:110,(anonymous_20)
FNF:20
FNH:15
FNDA:4,(anonymous_1)
FNDA:4,(anonymous_2)
FNDA:2,(anonymous_3)
FNDA:1,(anonymous_4)
FNDA:1,(anonymous_5)
FNDA:1,(anonymous_6)
FNDA:0,(anonymous_7)
FNDA:2,(anonymous_8)
FNDA:2,(anonymous_9)
FNDA:0,(anonymous_10)
FNDA:4,(anonymous_11)
FNDA:4,(anonymous_12)
FNDA:0,(anonymous_13)
FNDA:2,(anonymous_14)
FNDA:2,(anonymous_15)
FNDA:0,(anonymous_16)
FNDA:3,(anonymous_17)
FNDA:3,(anonymous_18)
FNDA:2,(anonymous_19)
FNDA:0,(anonymous_20)
DA:2,2
DA:3,2
DA:6,2
DA:7,4
DA:9,4
DA:10,3
DA:20,3
DA:22,2
DA:25,1
DA:26,1
DA:28,0
DA:32,1
DA:38,2
DA:39,1
DA:41,1
DA:44,0
DA:45,0
DA:50,2
DA:51,2
DA:53,2
DA:56,0
DA:57,0
DA:62,2
DA:63,4
DA:65,4
DA:66,2
DA:68,2
DA:72,0
DA:73,0
DA:78,2
DA:79,2
DA:81,2
DA:82,1
DA:84,1
DA:88,0
DA:89,0
DA:93,2
DA:94,3
DA:96,3
DA:97,2
DA:99,2
DA:100,2
DA:102,0
DA:106,1
DA:111,0
DA:112,0
LF:46
LH:34
BRDA:9,0,0,3
BRDA:9,0,1,1
BRDA:25,1,0,1
BRDA:25,1,1,0
BRDA:65,2,0,2
BRDA:65,2,1,2
BRDA:81,3,0,1
BRDA:81,3,1,1
BRDA:96,4,0,2
BRDA:96,4,1,1
BRDA:99,5,0,2
BRDA:99,5,1,0
BRF:12
BRH:10
end_of_record
TN:
SF:models/budget.ts
FNF:0
FNH:0
DA:1,2
DA:3,2
DA:25,2
DA:27,2
LF:4
LH:4
BRF:0
BRH:0
end_of_record
TN:
SF:models/category.ts
FNF:0
FNH:0
DA:2,2
DA:4,2
DA:20,2
DA:22,2
LF:4
LH:4
BRF:0
BRH:0
end_of_record
TN:
SF:models/transaction.ts
FNF:0
FNH:0
DA:1,2
DA:3,2
DA:25,2
DA:27,2
LF:4
LH:4
BRF:0
BRH:0
end_of_record
TN:
SF:models/user.ts
FNF:0
FNH:0
DA:1,2
DA:3,2
DA:12,2
DA:23,2
LF:4
LH:4
BRF:0
BRH:0
end_of_record
TN:
SF:models/wallet.ts
FNF:0
FNH:0
DA:1,2
DA:3,2
DA:23,2
DA:25,2
LF:4
LH:4
BRF:0
BRH:0
end_of_record
TN:
SF:router/auth.ts
FNF:0
FNH:0
DA:1,2
DA:2,2
DA:3,2
DA:5,2
DA:7,2
DA:8,2
DA:9,2
DA:10,2
DA:12,2
LF:9
LH:9
BRF:0
BRH:0
end_of_record
TN:
SF:router/budget.ts
FNF:0
FNH:0
DA:1,2
DA:2,2
DA:4,2
DA:6,2
DA:7,2
DA:8,2
DA:9,2
DA:10,2
DA:11,2
DA:13,2
LF:10
LH:10
BRF:0
BRH:0
end_of_record
TN:
SF:router/category.ts
FNF:0
FNH:0
DA:1,2
DA:2,2
DA:4,2
DA:6,2
DA:7,2
DA:8,2
DA:9,2
DA:10,2
DA:11,2
DA:13,2
LF:10
LH:10
BRF:0
BRH:0
end_of_record
TN:
SF:router/transaction.ts
FNF:0
FNH:0
DA:1,2
DA:2,2
DA:4,2
DA:6,2
DA:7,2
DA:8,2
DA:9,2
DA:10,2
DA:11,2
DA:13,2
LF:10
LH:10
BRF:0
BRH:0
end_of_record
TN:
SF:router/user.ts
FNF:0
FNH:0
DA:1,2
DA:2,2
DA:5,2
DA:7,2
DA:8,2
DA:9,2
DA:10,2
DA:11,2
DA:13,2
LF:9
LH:9
BRF:0
BRH:0
end_of_record
TN:
SF:router/wallet.ts
FNF:0
FNH:0
DA:1,2
DA:2,2
DA:4,2
DA:6,2
DA:7,2
DA:8,2
DA:9,2
DA:10,2
DA:11,2
DA:13,2
LF:10
LH:10
BRF:0
BRH:0
end_of_record
TN:
SF:utils/passwordChecker.ts
FN:1,(anonymous_0)
FNF:1
FNH:1
FNDA:7,(anonymous_0)
DA:1,2
DA:3,7
DA:4,7
LF:3
LH:3
BRF:0
BRH:0
end_of_record
TN:
SF:utils/token.ts
FN:3,(anonymous_7)
FN:11,(anonymous_8)
FN:11,(anonymous_9)
FN:12,(anonymous_10)
FNF:4
FNH:4
FNDA:4,(anonymous_7)
FNDA:20,(anonymous_8)
FNDA:20,(anonymous_9)
FNDA:20,(anonymous_10)
DA:1,2
DA:3,2
DA:4,4
DA:5,4
DA:7,1
DA:11,20
DA:12,20
DA:13,20
DA:15,20
LF:9
LH:9
BRDA:15,0,0,18
BRDA:15,0,1,2
BRF:2
BRH:2
end_of_record
